<?xml version="1.0" encoding="UTF-8"?>
<!-- Generated by org.testng.reporters.JUnitXMLReporter -->
<testsuite ignored="4" hostname="Morgan-QA12L" failures="0" tests="1" name="Default test" time="29.891" errors="0" timestamp="2023-08-24T11:48:18 IST">
  <testcase classname="com.TestExecution.SmokeTest" name="Test03" time="14.916"/>
  <testcase classname="com.TestExecution.SmokeTest" name="Test05" time="0.0">
    <ignored/>
  </testcase> <!-- Test05 -->
  <testcase classname="com.TestExecution.SmokeTest" name="Test02" time="0.0">
    <ignored/>
  </testcase> <!-- Test02 -->
  <testcase classname="com.TestExecution.SmokeTest" name="Test04" time="0.0">
    <ignored/>
  </testcase> <!-- Test04 -->
  <testcase classname="com.TestExecution.SmokeTest" name="Test01" time="0.0">
    <ignored/>
  </testcase> <!-- Test01 -->
</testsuite> <!-- Default test -->
