<?xml version="1.0" encoding="UTF-8"?>
<testng-results ignored="4" total="5" passed="1" failed="0" skipped="0">
  <reporter-output>
  </reporter-output>
  <suite started-at="2023-08-24T11:47:48 IST" name="Default suite" finished-at="2023-08-24T11:48:17 IST" duration-ms="29891">
    <groups>
    </groups>
    <test started-at="2023-08-24T11:47:48 IST" name="Default test" finished-at="2023-08-24T11:48:17 IST" duration-ms="29891">
      <class name="com.TestExecution.SmokeTest">
        <test-method is-config="true" signature="startreport()[pri:0, instance:com.TestExecution.SmokeTest@10e41621]" started-at="2023-08-24T11:47:48 IST" name="startreport" finished-at="2023-08-24T11:47:48 IST" duration-ms="255" status="PASS">
          <reporter-output>
          </reporter-output>
        </test-method> <!-- startreport -->
        <test-method is-config="true" signature="LaunchApp()[pri:0, instance:com.TestExecution.SmokeTest@10e41621]" started-at="2023-08-24T11:47:48 IST" name="LaunchApp" finished-at="2023-08-24T11:48:02 IST" duration-ms="14243" status="PASS">
          <reporter-output>
          </reporter-output>
        </test-method> <!-- LaunchApp -->
        <test-method signature="Test03()[pri:0, instance:com.TestExecution.SmokeTest@10e41621]" started-at="2023-08-24T11:48:02 IST" name="Test03" finished-at="2023-08-24T11:48:17 IST" duration-ms="14916" status="PASS">
          <reporter-output>
          </reporter-output>
        </test-method> <!-- Test03 -->
        <test-method is-config="true" signature="getTestresult(org.testng.ITestResult)[pri:0, instance:com.TestExecution.SmokeTest@10e41621]" started-at="2023-08-24T11:48:17 IST" name="getTestresult" finished-at="2023-08-24T11:48:17 IST" duration-ms="9" status="PASS">
          <params>
            <param index="0">
              <value>
                <![CDATA[[TestResult name=Test03 status=SUCCESS method=SmokeTest.Test03()[pri:0, instance:com.TestExecution.SmokeTest@10e41621] output={null}]]]>
              </value>
            </param>
          </params>
          <reporter-output>
          </reporter-output>
        </test-method> <!-- getTestresult -->
        <test-method is-config="true" signature="tearDown()[pri:0, instance:com.TestExecution.SmokeTest@10e41621]" started-at="2023-08-24T11:48:17 IST" name="tearDown" finished-at="2023-08-24T11:48:17 IST" duration-ms="436" status="PASS">
          <reporter-output>
          </reporter-output>
        </test-method> <!-- tearDown -->
      </class> <!-- com.TestExecution.SmokeTest -->
    </test> <!-- Default test -->
  </suite> <!-- Default suite -->
</testng-results>
